[0.240s] DEBUG:colcon:Command line arguments: ['/usr/bin/colcon', 'build', '--packages-select', 'reto_m6', '--symlink-install']
[0.240s] DEBUG:colcon:Parsed command line arguments: Namespace(log_base=None, log_level=None, verb_name='build', build_base='build', install_base='install', merge_install=False, symlink_install=True, test_result_base=None, continue_on_error=False, executor='parallel', parallel_workers=8, event_handlers=None, ignore_user_meta=False, metas=['./colcon.meta'], base_paths=['.'], packages_ignore=None, packages_ignore_regex=None, paths=None, packages_up_to=None, packages_up_to_regex=None, packages_above=None, packages_above_and_dependencies=None, packages_above_depth=None, packages_select_by_dep=None, packages_skip_by_dep=None, packages_skip_up_to=None, packages_select_build_failed=False, packages_skip_build_finished=False, packages_select_test_failures=False, packages_skip_test_passed=False, packages_select=['reto_m6'], packages_skip=None, packages_select_regex=None, packages_skip_regex=None, packages_start=None, packages_end=None, allow_overriding=[], cmake_args=None, cmake_target=None, cmake_target_skip_unavailable=False, cmake_clean_cache=False, cmake_clean_first=False, cmake_force_configure=False, ament_cmake_args=None, catkin_cmake_args=None, catkin_skip_building_tests=False, mixin_files=None, mixin=None, verb_parser=<colcon_mixin.mixin.mixin_argument.MixinArgumentDecorator object at 0x766169c87b00>, verb_extension=<colcon_core.verb.build.BuildVerb object at 0x766169dd0140>, main=<bound method BuildVerb.main of <colcon_core.verb.build.BuildVerb object at 0x766169dd0140>>, mixin_verb=('build',))
[0.319s] Level 1:colcon.colcon_core.package_discovery:discover_packages(colcon_meta) check parameters
[0.319s] Level 1:colcon.colcon_core.package_discovery:discover_packages(recursive) check parameters
[0.319s] Level 1:colcon.colcon_core.package_discovery:discover_packages(ignore) check parameters
[0.319s] Level 1:colcon.colcon_core.package_discovery:discover_packages(path) check parameters
[0.319s] Level 1:colcon.colcon_core.package_discovery:discover_packages(colcon_meta) discover
[0.319s] Level 1:colcon.colcon_core.package_discovery:discover_packages(recursive) discover
[0.319s] INFO:colcon.colcon_core.package_discovery:Crawling recursively for packages in '/home/saul/reto/multipacha_ws'
[0.320s] Level 1:colcon.colcon_core.package_identification:_identify(.) by extensions ['ignore', 'ignore_ament_install']
[0.320s] Level 1:colcon.colcon_core.package_identification:_identify(.) by extension 'ignore'
[0.320s] Level 1:colcon.colcon_core.package_identification:_identify(.) by extension 'ignore_ament_install'
[0.320s] Level 1:colcon.colcon_core.package_identification:_identify(.) by extensions ['colcon_pkg']
[0.320s] Level 1:colcon.colcon_core.package_identification:_identify(.) by extension 'colcon_pkg'
[0.320s] Level 1:colcon.colcon_core.package_identification:_identify(.) by extensions ['colcon_meta']
[0.320s] Level 1:colcon.colcon_core.package_identification:_identify(.) by extension 'colcon_meta'
[0.320s] Level 1:colcon.colcon_core.package_identification:_identify(.) by extensions ['ros']
[0.320s] Level 1:colcon.colcon_core.package_identification:_identify(.) by extension 'ros'
[0.374s] Level 1:colcon.colcon_core.package_identification:_identify(.) by extensions ['cmake', 'python']
[0.374s] Level 1:colcon.colcon_core.package_identification:_identify(.) by extension 'cmake'
[0.374s] Level 1:colcon.colcon_core.package_identification:_identify(.) by extension 'python'
[0.374s] Level 1:colcon.colcon_core.package_identification:_identify(.) by extensions ['python_setup_py']
[0.374s] Level 1:colcon.colcon_core.package_identification:_identify(.) by extension 'python_setup_py'
[0.374s] Level 1:colcon.colcon_core.package_identification:_identify(build) by extensions ['ignore', 'ignore_ament_install']
[0.375s] Level 1:colcon.colcon_core.package_identification:_identify(build) by extension 'ignore'
[0.375s] Level 1:colcon.colcon_core.package_identification:_identify(build) ignored
[0.375s] Level 1:colcon.colcon_core.package_identification:_identify(install) by extensions ['ignore', 'ignore_ament_install']
[0.375s] Level 1:colcon.colcon_core.package_identification:_identify(install) by extension 'ignore'
[0.375s] Level 1:colcon.colcon_core.package_identification:_identify(install) ignored
[0.376s] Level 1:colcon.colcon_core.package_identification:_identify(log) by extensions ['ignore', 'ignore_ament_install']
[0.376s] Level 1:colcon.colcon_core.package_identification:_identify(log) by extension 'ignore'
[0.376s] Level 1:colcon.colcon_core.package_identification:_identify(log) ignored
[0.376s] Level 1:colcon.colcon_core.package_identification:_identify(src) by extensions ['ignore', 'ignore_ament_install']
[0.376s] Level 1:colcon.colcon_core.package_identification:_identify(src) by extension 'ignore'
[0.376s] Level 1:colcon.colcon_core.package_identification:_identify(src) by extension 'ignore_ament_install'
[0.376s] Level 1:colcon.colcon_core.package_identification:_identify(src) by extensions ['colcon_pkg']
[0.376s] Level 1:colcon.colcon_core.package_identification:_identify(src) by extension 'colcon_pkg'
[0.376s] Level 1:colcon.colcon_core.package_identification:_identify(src) by extensions ['colcon_meta']
[0.376s] Level 1:colcon.colcon_core.package_identification:_identify(src) by extension 'colcon_meta'
[0.377s] Level 1:colcon.colcon_core.package_identification:_identify(src) by extensions ['ros']
[0.377s] Level 1:colcon.colcon_core.package_identification:_identify(src) by extension 'ros'
[0.377s] Level 1:colcon.colcon_core.package_identification:_identify(src) by extensions ['cmake', 'python']
[0.377s] Level 1:colcon.colcon_core.package_identification:_identify(src) by extension 'cmake'
[0.377s] Level 1:colcon.colcon_core.package_identification:_identify(src) by extension 'python'
[0.377s] Level 1:colcon.colcon_core.package_identification:_identify(src) by extensions ['python_setup_py']
[0.377s] Level 1:colcon.colcon_core.package_identification:_identify(src) by extension 'python_setup_py'
[0.377s] Level 1:colcon.colcon_core.package_identification:_identify(src/reto_m6) by extensions ['ignore', 'ignore_ament_install']
[0.377s] Level 1:colcon.colcon_core.package_identification:_identify(src/reto_m6) by extension 'ignore'
[0.377s] Level 1:colcon.colcon_core.package_identification:_identify(src/reto_m6) by extension 'ignore_ament_install'
[0.378s] Level 1:colcon.colcon_core.package_identification:_identify(src/reto_m6) by extensions ['colcon_pkg']
[0.378s] Level 1:colcon.colcon_core.package_identification:_identify(src/reto_m6) by extension 'colcon_pkg'
[0.378s] Level 1:colcon.colcon_core.package_identification:_identify(src/reto_m6) by extensions ['colcon_meta']
[0.378s] Level 1:colcon.colcon_core.package_identification:_identify(src/reto_m6) by extension 'colcon_meta'
[0.378s] Level 1:colcon.colcon_core.package_identification:_identify(src/reto_m6) by extensions ['ros']
[0.378s] Level 1:colcon.colcon_core.package_identification:_identify(src/reto_m6) by extension 'ros'
[0.383s] DEBUG:colcon.colcon_core.package_identification:Package 'src/reto_m6' with type 'ros.ament_python' and name 'reto_m6'
[0.383s] Level 1:colcon.colcon_core.package_discovery:discover_packages(recursive) using defaults
[0.383s] Level 1:colcon.colcon_core.package_discovery:discover_packages(ignore) discover
[0.383s] Level 1:colcon.colcon_core.package_discovery:discover_packages(ignore) using defaults
[0.383s] Level 1:colcon.colcon_core.package_discovery:discover_packages(path) discover
[0.383s] Level 1:colcon.colcon_core.package_discovery:discover_packages(path) using defaults
[0.421s] Level 1:colcon.colcon_core.package_discovery:discover_packages(prefix_path) check parameters
[0.421s] Level 1:colcon.colcon_core.package_discovery:discover_packages(prefix_path) discover
[0.426s] DEBUG:colcon.colcon_installed_package_information.package_discovery:Found 1 installed packages in /home/saul/reto/multipacha_ws/install
[0.426s] DEBUG:colcon.colcon_installed_package_information.package_discovery:Found 2 installed packages in /home/saul/ros2_ws/install
[0.430s] DEBUG:colcon.colcon_installed_package_information.package_discovery:Found 285 installed packages in /opt/ros/jazzy
[0.433s] Level 1:colcon.colcon_core.package_discovery:discover_packages(prefix_path) using defaults
[0.515s] Level 5:colcon.colcon_core.verb:set package 'reto_m6' build argument 'cmake_args' from command line to 'None'
[0.515s] Level 5:colcon.colcon_core.verb:set package 'reto_m6' build argument 'cmake_target' from command line to 'None'
[0.516s] Level 5:colcon.colcon_core.verb:set package 'reto_m6' build argument 'cmake_target_skip_unavailable' from command line to 'False'
[0.516s] Level 5:colcon.colcon_core.verb:set package 'reto_m6' build argument 'cmake_clean_cache' from command line to 'False'
[0.516s] Level 5:colcon.colcon_core.verb:set package 'reto_m6' build argument 'cmake_clean_first' from command line to 'False'
[0.516s] Level 5:colcon.colcon_core.verb:set package 'reto_m6' build argument 'cmake_force_configure' from command line to 'False'
[0.516s] Level 5:colcon.colcon_core.verb:set package 'reto_m6' build argument 'ament_cmake_args' from command line to 'None'
[0.516s] Level 5:colcon.colcon_core.verb:set package 'reto_m6' build argument 'catkin_cmake_args' from command line to 'None'
[0.516s] Level 5:colcon.colcon_core.verb:set package 'reto_m6' build argument 'catkin_skip_building_tests' from command line to 'False'
[0.516s] DEBUG:colcon.colcon_core.verb:Building package 'reto_m6' with the following arguments: {'ament_cmake_args': None, 'build_base': '/home/saul/reto/multipacha_ws/build/reto_m6', 'catkin_cmake_args': None, 'catkin_skip_building_tests': False, 'cmake_args': None, 'cmake_clean_cache': False, 'cmake_clean_first': False, 'cmake_force_configure': False, 'cmake_target': None, 'cmake_target_skip_unavailable': False, 'install_base': '/home/saul/reto/multipacha_ws/install/reto_m6', 'merge_install': False, 'path': '/home/saul/reto/multipacha_ws/src/reto_m6', 'symlink_install': True, 'test_result_base': None}
[0.516s] INFO:colcon.colcon_core.executor:Executing jobs using 'parallel' executor
[0.518s] DEBUG:colcon.colcon_parallel_executor.executor.parallel:run_until_complete
[0.518s] INFO:colcon.colcon_ros.task.ament_python.build:Building ROS package in '/home/saul/reto/multipacha_ws/src/reto_m6' with build type 'ament_python'
[0.519s] Level 1:colcon.colcon_core.shell:create_environment_hook('reto_m6', 'ament_prefix_path')
[0.523s] INFO:colcon.colcon_core.plugin_system:Skipping extension 'colcon_core.shell.bat': Not used on non-Windows systems
[0.523s] INFO:colcon.colcon_core.shell:Creating environment hook '/home/saul/reto/multipacha_ws/install/reto_m6/share/reto_m6/hook/ament_prefix_path.ps1'
[0.525s] INFO:colcon.colcon_core.shell:Creating environment descriptor '/home/saul/reto/multipacha_ws/install/reto_m6/share/reto_m6/hook/ament_prefix_path.dsv'
[0.527s] INFO:colcon.colcon_core.shell:Creating environment hook '/home/saul/reto/multipacha_ws/install/reto_m6/share/reto_m6/hook/ament_prefix_path.sh'
[0.529s] INFO:colcon.colcon_core.shell:Skip shell extension 'powershell' for command environment: Not usable outside of PowerShell
[0.529s] DEBUG:colcon.colcon_core.shell:Skip shell extension 'dsv' for command environment
[1.013s] INFO:colcon.colcon_core.task.python.build:Building Python package in '/home/saul/reto/multipacha_ws/src/reto_m6'
[1.014s] INFO:colcon.colcon_core.shell:Skip shell extension 'powershell' for command environment: Not usable outside of PowerShell
[1.014s] DEBUG:colcon.colcon_core.shell:Skip shell extension 'dsv' for command environment
[2.399s] DEBUG:colcon.colcon_core.task.python.build:While undoing a previous installation files outside the Python library path are being ignored: /home/saul/reto/multipacha_ws/install/reto_m6/share/ament_index/resource_index/packages/reto_m6
[2.399s] DEBUG:colcon.colcon_core.task.python.build:While undoing a previous installation files outside the Python library path are being ignored: /home/saul/reto/multipacha_ws/install/reto_m6/share/reto_m6/package.xml
[2.404s] DEBUG:colcon.colcon_core.event_handler.log_command:Invoking command in '/home/saul/reto/multipacha_ws/build/reto_m6': DEBUGINFOD_URLS=https://debuginfod.ubuntu.com PYTHONPATH=/home/saul/reto/multipacha_ws/build/reto_m6/prefix_override:/usr/lib/python3/dist-packages/colcon_core/task/python/colcon_distutils_commands:/home/saul/reto/multipacha_ws/install/reto_m6/lib/python3.12/site-packages:${PYTHONPATH} /usr/bin/python3 -W ignore:setup.py install is deprecated -W ignore:easy_install command is deprecated setup.py develop --editable --build-directory /home/saul/reto/multipacha_ws/build/reto_m6/build --no-deps symlink_data --force
[3.799s] Level 1:colcon.colcon_core.shell:create_environment_hook('reto_m6', 'pythonpath_develop')
[3.800s] INFO:colcon.colcon_core.shell:Creating environment hook '/home/saul/reto/multipacha_ws/build/reto_m6/share/reto_m6/hook/pythonpath_develop.ps1'
[3.801s] DEBUG:colcon.colcon_core.event_handler.log_command:Invoked command in '/home/saul/reto/multipacha_ws/build/reto_m6' returned '0': DEBUGINFOD_URLS=https://debuginfod.ubuntu.com PYTHONPATH=/home/saul/reto/multipacha_ws/build/reto_m6/prefix_override:/usr/lib/python3/dist-packages/colcon_core/task/python/colcon_distutils_commands:/home/saul/reto/multipacha_ws/install/reto_m6/lib/python3.12/site-packages:${PYTHONPATH} /usr/bin/python3 -W ignore:setup.py install is deprecated -W ignore:easy_install command is deprecated setup.py develop --editable --build-directory /home/saul/reto/multipacha_ws/build/reto_m6/build --no-deps symlink_data --force
[3.802s] INFO:colcon.colcon_core.shell:Creating environment descriptor '/home/saul/reto/multipacha_ws/build/reto_m6/share/reto_m6/hook/pythonpath_develop.dsv'
[3.803s] INFO:colcon.colcon_core.shell:Creating environment hook '/home/saul/reto/multipacha_ws/build/reto_m6/share/reto_m6/hook/pythonpath_develop.sh'
[3.809s] Level 1:colcon.colcon_core.environment:checking '/home/saul/reto/multipacha_ws/install/reto_m6' for CMake module files
[3.810s] Level 1:colcon.colcon_core.environment:checking '/home/saul/reto/multipacha_ws/install/reto_m6' for CMake config files
[3.812s] Level 1:colcon.colcon_core.environment:checking '/home/saul/reto/multipacha_ws/install/reto_m6/lib'
[3.812s] Level 1:colcon.colcon_core.environment:checking '/home/saul/reto/multipacha_ws/install/reto_m6/bin'
[3.812s] Level 1:colcon.colcon_core.environment:checking '/home/saul/reto/multipacha_ws/install/reto_m6/lib/pkgconfig/reto_m6.pc'
[3.813s] Level 1:colcon.colcon_core.environment:checking '/home/saul/reto/multipacha_ws/install/reto_m6/lib/python3.12/site-packages'
[3.813s] Level 1:colcon.colcon_core.shell:create_environment_hook('reto_m6', 'pythonpath')
[3.813s] INFO:colcon.colcon_core.shell:Creating environment hook '/home/saul/reto/multipacha_ws/install/reto_m6/share/reto_m6/hook/pythonpath.ps1'
[3.814s] INFO:colcon.colcon_core.shell:Creating environment descriptor '/home/saul/reto/multipacha_ws/install/reto_m6/share/reto_m6/hook/pythonpath.dsv'
[3.815s] INFO:colcon.colcon_core.shell:Creating environment hook '/home/saul/reto/multipacha_ws/install/reto_m6/share/reto_m6/hook/pythonpath.sh'
[3.816s] Level 1:colcon.colcon_core.environment:checking '/home/saul/reto/multipacha_ws/install/reto_m6/bin'
[3.816s] Level 1:colcon.colcon_core.environment:create_environment_scripts_only(reto_m6)
[3.817s] INFO:colcon.colcon_core.shell:Creating package script '/home/saul/reto/multipacha_ws/install/reto_m6/share/reto_m6/package.ps1'
[3.818s] INFO:colcon.colcon_core.shell:Creating package descriptor '/home/saul/reto/multipacha_ws/install/reto_m6/share/reto_m6/package.dsv'
[3.820s] INFO:colcon.colcon_core.shell:Creating package script '/home/saul/reto/multipacha_ws/install/reto_m6/share/reto_m6/package.sh'
[3.821s] INFO:colcon.colcon_core.shell:Creating package script '/home/saul/reto/multipacha_ws/install/reto_m6/share/reto_m6/package.bash'
[3.823s] INFO:colcon.colcon_core.shell:Creating package script '/home/saul/reto/multipacha_ws/install/reto_m6/share/reto_m6/package.zsh'
[3.824s] Level 1:colcon.colcon_core.environment:create_file_with_runtime_dependencies(/home/saul/reto/multipacha_ws/install/reto_m6/share/colcon-core/packages/reto_m6)
[3.825s] DEBUG:colcon.colcon_parallel_executor.executor.parallel:closing loop
[3.825s] DEBUG:colcon.colcon_parallel_executor.executor.parallel:loop closed
[3.825s] DEBUG:colcon.colcon_parallel_executor.executor.parallel:run_until_complete finished with '0'
[3.825s] DEBUG:colcon.colcon_core.event_reactor:joining thread
[3.838s] INFO:colcon.colcon_core.plugin_system:Skipping extension 'colcon_notification.desktop_notification.terminal_notifier': Not used on non-Darwin systems
[3.839s] INFO:colcon.colcon_core.plugin_system:Skipping extension 'colcon_notification.desktop_notification.win32': Not used on non-Windows systems
[3.839s] INFO:colcon.colcon_notification.desktop_notification:Sending desktop notification using 'notify2'
[3.869s] DEBUG:colcon.colcon_core.event_reactor:joined thread
[3.870s] INFO:colcon.colcon_core.shell:Creating prefix script '/home/saul/reto/multipacha_ws/install/local_setup.ps1'
[3.872s] INFO:colcon.colcon_core.shell:Creating prefix util module '/home/saul/reto/multipacha_ws/install/_local_setup_util_ps1.py'
[3.874s] INFO:colcon.colcon_core.shell:Creating prefix chain script '/home/saul/reto/multipacha_ws/install/setup.ps1'
[3.876s] INFO:colcon.colcon_core.shell:Creating prefix script '/home/saul/reto/multipacha_ws/install/local_setup.sh'
[3.877s] INFO:colcon.colcon_core.shell:Creating prefix util module '/home/saul/reto/multipacha_ws/install/_local_setup_util_sh.py'
[3.879s] INFO:colcon.colcon_core.shell:Creating prefix chain script '/home/saul/reto/multipacha_ws/install/setup.sh'
[3.880s] INFO:colcon.colcon_core.shell:Creating prefix script '/home/saul/reto/multipacha_ws/install/local_setup.bash'
[3.882s] INFO:colcon.colcon_core.shell:Creating prefix chain script '/home/saul/reto/multipacha_ws/install/setup.bash'
[3.884s] INFO:colcon.colcon_core.shell:Creating prefix script '/home/saul/reto/multipacha_ws/install/local_setup.zsh'
[3.885s] INFO:colcon.colcon_core.shell:Creating prefix chain script '/home/saul/reto/multipacha_ws/install/setup.zsh'
