[1.507s] Invoking command in '/home/saul/reto/multipacha_ws/build/reto_m6': DEBUGINFOD_URLS=https://debuginfod.ubuntu.com PYTHONPATH=/home/saul/reto/multipacha_ws/build/reto_m6/prefix_override:/usr/lib/python3/dist-packages/colcon_core/task/python/colcon_distutils_commands:/home/saul/reto/multipacha_ws/install/reto_m6/lib/python3.12/site-packages:${PYTHONPATH} /usr/bin/python3 -W ignore:setup.py install is deprecated -W ignore:easy_install command is deprecated setup.py develop --uninstall --editable --build-directory /home/saul/reto/multipacha_ws/build/reto_m6/build
[2.092s] running develop
[2.467s] Removing /home/saul/reto/multipacha_ws/install/reto_m6/lib/python3.12/site-packages/reto-m6.egg-link (link to .)
[2.519s] Invoked command in '/home/saul/reto/multipacha_ws/build/reto_m6' returned '0': DEBUGINFOD_URLS=https://debuginfod.ubuntu.com PYTHONPATH=/home/saul/reto/multipacha_ws/build/reto_m6/prefix_override:/usr/lib/python3/dist-packages/colcon_core/task/python/colcon_distutils_commands:/home/saul/reto/multipacha_ws/install/reto_m6/lib/python3.12/site-packages:${PYTHONPATH} /usr/bin/python3 -W ignore:setup.py install is deprecated -W ignore:easy_install command is deprecated setup.py develop --uninstall --editable --build-directory /home/saul/reto/multipacha_ws/build/reto_m6/build
[2.521s] Invoking command in '/home/saul/reto/multipacha_ws/src/reto_m6': DEBUGINFOD_URLS=https://debuginfod.ubuntu.com PYTHONPATH=/home/saul/reto/multipacha_ws/build/reto_m6/prefix_override:/usr/lib/python3/dist-packages/colcon_core/task/python/colcon_distutils_commands:/home/saul/reto/multipacha_ws/install/reto_m6/lib/python3.12/site-packages:${PYTHONPATH} /usr/bin/python3 -W ignore:setup.py install is deprecated -W ignore:easy_install command is deprecated setup.py egg_info --egg-base ../../build/reto_m6 build --build-base /home/saul/reto/multipacha_ws/build/reto_m6/build install --record /home/saul/reto/multipacha_ws/build/reto_m6/install.log --single-version-externally-managed install_data --force
[3.033s] running egg_info
[3.071s] writing ../../build/reto_m6/reto_m6.egg-info/PKG-INFO
[3.072s] writing dependency_links to ../../build/reto_m6/reto_m6.egg-info/dependency_links.txt
[3.072s] writing entry points to ../../build/reto_m6/reto_m6.egg-info/entry_points.txt
[3.073s] writing requirements to ../../build/reto_m6/reto_m6.egg-info/requires.txt
[3.073s] writing top-level names to ../../build/reto_m6/reto_m6.egg-info/top_level.txt
[3.151s] reading manifest file '../../build/reto_m6/reto_m6.egg-info/SOURCES.txt'
[3.153s] writing manifest file '../../build/reto_m6/reto_m6.egg-info/SOURCES.txt'
[3.153s] running build
[3.153s] running build_py
[3.153s] copying reto_m6/reto_topic_pub.py -> /home/saul/reto/multipacha_ws/build/reto_m6/build/lib/reto_m6
[3.154s] copying reto_m6/reto_topic_sub.py -> /home/saul/reto/multipacha_ws/build/reto_m6/build/lib/reto_m6
[3.154s] running install
[3.170s] running install_lib
[3.206s] creating /home/saul/reto/multipacha_ws/install/reto_m6/lib/python3.12/site-packages/reto_m6
[3.206s] copying /home/saul/reto/multipacha_ws/build/reto_m6/build/lib/reto_m6/reto_topic_pub.py -> /home/saul/reto/multipacha_ws/install/reto_m6/lib/python3.12/site-packages/reto_m6
[3.207s] copying /home/saul/reto/multipacha_ws/build/reto_m6/build/lib/reto_m6/reto_topic_sub.py -> /home/saul/reto/multipacha_ws/install/reto_m6/lib/python3.12/site-packages/reto_m6
[3.207s] copying /home/saul/reto/multipacha_ws/build/reto_m6/build/lib/reto_m6/__init__.py -> /home/saul/reto/multipacha_ws/install/reto_m6/lib/python3.12/site-packages/reto_m6
[3.208s] byte-compiling /home/saul/reto/multipacha_ws/install/reto_m6/lib/python3.12/site-packages/reto_m6/reto_topic_pub.py to reto_topic_pub.cpython-312.pyc
[3.210s] byte-compiling /home/saul/reto/multipacha_ws/install/reto_m6/lib/python3.12/site-packages/reto_m6/reto_topic_sub.py to reto_topic_sub.cpython-312.pyc
[3.210s] byte-compiling /home/saul/reto/multipacha_ws/install/reto_m6/lib/python3.12/site-packages/reto_m6/__init__.py to __init__.cpython-312.pyc
[3.211s] running install_data
[3.211s] copying resource/reto_m6 -> /home/saul/reto/multipacha_ws/install/reto_m6/share/ament_index/resource_index/packages
[3.211s] copying package.xml -> /home/saul/reto/multipacha_ws/install/reto_m6/share/reto_m6
[3.211s] running install_egg_info
[3.255s] Copying ../../build/reto_m6/reto_m6.egg-info to /home/saul/reto/multipacha_ws/install/reto_m6/lib/python3.12/site-packages/reto_m6-0.0.0-py3.12.egg-info
[3.256s] running install_scripts
[3.504s] Installing reto_topic_pub script to /home/saul/reto/multipacha_ws/install/reto_m6/lib/reto_m6
[3.505s] writing list of installed files to '/home/saul/reto/multipacha_ws/build/reto_m6/install.log'
[3.557s] Invoked command in '/home/saul/reto/multipacha_ws/src/reto_m6' returned '0': DEBUGINFOD_URLS=https://debuginfod.ubuntu.com PYTHONPATH=/home/saul/reto/multipacha_ws/build/reto_m6/prefix_override:/usr/lib/python3/dist-packages/colcon_core/task/python/colcon_distutils_commands:/home/saul/reto/multipacha_ws/install/reto_m6/lib/python3.12/site-packages:${PYTHONPATH} /usr/bin/python3 -W ignore:setup.py install is deprecated -W ignore:easy_install command is deprecated setup.py egg_info --egg-base ../../build/reto_m6 build --build-base /home/saul/reto/multipacha_ws/build/reto_m6/build install --record /home/saul/reto/multipacha_ws/build/reto_m6/install.log --single-version-externally-managed install_data --force
