running egg_info
creating ../../build/reto_m6/reto_m6.egg-info
writing ../../build/reto_m6/reto_m6.egg-info/PKG-INFO
writing dependency_links to ../../build/reto_m6/reto_m6.egg-info/dependency_links.txt
writing requirements to ../../build/reto_m6/reto_m6.egg-info/requires.txt
writing top-level names to ../../build/reto_m6/reto_m6.egg-info/top_level.txt
writing manifest file '../../build/reto_m6/reto_m6.egg-info/SOURCES.txt'
reading manifest file '../../build/reto_m6/reto_m6.egg-info/SOURCES.txt'
writing manifest file '../../build/reto_m6/reto_m6.egg-info/SOURCES.txt'
running build
running build_py
creating /home/saul/reto/multipacha_ws/build/reto_m6/build
creating /home/saul/reto/multipacha_ws/build/reto_m6/build/lib
creating /home/saul/reto/multipacha_ws/build/reto_m6/build/lib/reto_m6
copying reto_m6/__init__.py -> /home/saul/reto/multipacha_ws/build/reto_m6/build/lib/reto_m6
running install
running install_lib
creating /home/saul/reto/multipacha_ws/install/reto_m6/lib/python3.12/site-packages/reto_m6
copying /home/saul/reto/multipacha_ws/build/reto_m6/build/lib/reto_m6/__init__.py -> /home/saul/reto/multipacha_ws/install/reto_m6/lib/python3.12/site-packages/reto_m6
byte-compiling /home/saul/reto/multipacha_ws/install/reto_m6/lib/python3.12/site-packages/reto_m6/__init__.py to __init__.cpython-312.pyc
running install_data
creating /home/saul/reto/multipacha_ws/install/reto_m6/share/ament_index
creating /home/saul/reto/multipacha_ws/install/reto_m6/share/ament_index/resource_index
creating /home/saul/reto/multipacha_ws/install/reto_m6/share/ament_index/resource_index/packages
copying resource/reto_m6 -> /home/saul/reto/multipacha_ws/install/reto_m6/share/ament_index/resource_index/packages
copying package.xml -> /home/saul/reto/multipacha_ws/install/reto_m6/share/reto_m6
running install_egg_info
Copying ../../build/reto_m6/reto_m6.egg-info to /home/saul/reto/multipacha_ws/install/reto_m6/lib/python3.12/site-packages/reto_m6-0.0.0-py3.12.egg-info
running install_scripts
writing list of installed files to '/home/saul/reto/multipacha_ws/build/reto_m6/install.log'
