[0.532s] Invoking command in '/home/saul/reto/multipacha_ws/src/reto_m6': DEBUGINFOD_URLS=https://debuginfod.ubuntu.com PYTHONPATH=/home/saul/reto/multipacha_ws/build/reto_m6/prefix_override:/usr/lib/python3/dist-packages/colcon_core/task/python/colcon_distutils_commands:/home/saul/reto/multipacha_ws/install/reto_m6/lib/python3.12/site-packages:${PYTHONPATH} /usr/bin/python3 -W ignore:setup.py install is deprecated -W ignore:easy_install command is deprecated setup.py egg_info --egg-base ../../build/reto_m6 build --build-base /home/saul/reto/multipacha_ws/build/reto_m6/build install --record /home/saul/reto/multipacha_ws/build/reto_m6/install.log --single-version-externally-managed install_data
[0.701s] running egg_info
[0.701s] creating ../../build/reto_m6/reto_m6.egg-info
[0.714s] writing ../../build/reto_m6/reto_m6.egg-info/PKG-INFO
[0.714s] writing dependency_links to ../../build/reto_m6/reto_m6.egg-info/dependency_links.txt
[0.714s] writing requirements to ../../build/reto_m6/reto_m6.egg-info/requires.txt
[0.714s] writing top-level names to ../../build/reto_m6/reto_m6.egg-info/top_level.txt
[0.715s] writing manifest file '../../build/reto_m6/reto_m6.egg-info/SOURCES.txt'
[0.741s] reading manifest file '../../build/reto_m6/reto_m6.egg-info/SOURCES.txt'
[0.741s] writing manifest file '../../build/reto_m6/reto_m6.egg-info/SOURCES.txt'
[0.741s] running build
[0.741s] running build_py
[0.741s] creating /home/saul/reto/multipacha_ws/build/reto_m6/build
[0.741s] creating /home/saul/reto/multipacha_ws/build/reto_m6/build/lib
[0.742s] creating /home/saul/reto/multipacha_ws/build/reto_m6/build/lib/reto_m6
[0.742s] copying reto_m6/__init__.py -> /home/saul/reto/multipacha_ws/build/reto_m6/build/lib/reto_m6
[0.742s] running install
[0.746s] running install_lib
[0.758s] creating /home/saul/reto/multipacha_ws/install/reto_m6/lib/python3.12/site-packages/reto_m6
[0.758s] copying /home/saul/reto/multipacha_ws/build/reto_m6/build/lib/reto_m6/__init__.py -> /home/saul/reto/multipacha_ws/install/reto_m6/lib/python3.12/site-packages/reto_m6
[0.758s] byte-compiling /home/saul/reto/multipacha_ws/install/reto_m6/lib/python3.12/site-packages/reto_m6/__init__.py to __init__.cpython-312.pyc
[0.759s] running install_data
[0.759s] creating /home/saul/reto/multipacha_ws/install/reto_m6/share/ament_index
[0.759s] creating /home/saul/reto/multipacha_ws/install/reto_m6/share/ament_index/resource_index
[0.759s] creating /home/saul/reto/multipacha_ws/install/reto_m6/share/ament_index/resource_index/packages
[0.759s] copying resource/reto_m6 -> /home/saul/reto/multipacha_ws/install/reto_m6/share/ament_index/resource_index/packages
[0.759s] copying package.xml -> /home/saul/reto/multipacha_ws/install/reto_m6/share/reto_m6
[0.759s] running install_egg_info
[0.772s] Copying ../../build/reto_m6/reto_m6.egg-info to /home/saul/reto/multipacha_ws/install/reto_m6/lib/python3.12/site-packages/reto_m6-0.0.0-py3.12.egg-info
[0.772s] running install_scripts
[0.858s] writing list of installed files to '/home/saul/reto/multipacha_ws/build/reto_m6/install.log'
[0.878s] Invoked command in '/home/saul/reto/multipacha_ws/src/reto_m6' returned '0': DEBUGINFOD_URLS=https://debuginfod.ubuntu.com PYTHONPATH=/home/saul/reto/multipacha_ws/build/reto_m6/prefix_override:/usr/lib/python3/dist-packages/colcon_core/task/python/colcon_distutils_commands:/home/saul/reto/multipacha_ws/install/reto_m6/lib/python3.12/site-packages:${PYTHONPATH} /usr/bin/python3 -W ignore:setup.py install is deprecated -W ignore:easy_install command is deprecated setup.py egg_info --egg-base ../../build/reto_m6 build --build-base /home/saul/reto/multipacha_ws/build/reto_m6/build install --record /home/saul/reto/multipacha_ws/build/reto_m6/install.log --single-version-externally-managed install_data
